#
# A fatal error has been detected by the Java Runtime Environment:
#
#  SIGBUS (0xa) at pc=0x000000010d9c5214, pid=91156, tid=0x0000000000004d03
#
# JRE version: Java(TM) SE Runtime Environment (8.0_231-b11) (build 1.8.0_231-b11)
# Java VM: Java HotSpot(TM) 64-Bit Server VM (25.231-b11 mixed mode bsd-amd64 compressed oops)
# Problematic frame:
# V  [libjvm.dylib+0x1e2214]  ConstantPool::impl_name_and_type_ref_index_at(int, bool)+0x4c
#
# Failed to write core dump. Core dumps have been disabled. To enable core dumping, try "ulimit -c unlimited" before starting Java again
#
# If you would like to submit a bug report, please visit:
#   http://bugreport.java.com/bugreport/crash.jsp
#

---------------  T H R E A D  ---------------

Current thread (0x00007fe86a00b800):  VMThread [stack: 0x000070000e41e000,0x000070000e51e000] [id=19715]

siginfo: si_signo: 10 (SIGBUS), si_code: 2 (BUS_ADRERR), si_addr: 0x0000000114c60f78

Registers:
RAX=0x0000000114c0cf48, RBX=0x0000000000000028, RCX=0x0000000000054020, RDX=0x0000000000000000
RSP=0x000070000e51d4d0, RBP=0x000070000e51d4d0, RSI=0x0000000000002a01, RDI=0x0000000114bef2b8
R8 =0x0000000000000028, R9 =0x0000000000000002, R10=0x000000000000000a, R11=0xffffffffffffff30
R12=0x000070000e51d6f8, R13=0x0000000114bef2b8, R14=0x0000000000000000, R15=0x0000000000000001
RIP=0x000000010d9c5214, EFLAGS=0x0000000000010202, ERR=0x0000000000000004
  TRAPNO=0x000000000000000e

Top of Stack: (sp=0x000070000e51d4d0)
0x000070000e51d4d0:   000070000e51d530 000000010da6c60a
0x000070000e51d4e0:   000070000e51d500 000000010dd91dea
0x000070000e51d4f0:   000070000e51d548 000070000e51d6f8
0x000070000e51d500:   000070000e51d530 00007fe868d04488
0x000070000e51d510:   000070000e51d548 0000000114bf0080
0x000070000e51d520:   000070000e51d6f8 000000000000002c
0x000070000e51d530:   000070000e51d5b0 000000010da6e078
0x000070000e51d540:   0000000000000000 000070000e51d580
0x000070000e51d550:   0000000114bf0080 00007fe86a00b800
0x000070000e51d560:   0000002b00000028 000000cb0000002c
0x000070000e51d570:   000000b40e510000 0000000114bf0080
0x000070000e51d580:   00007fe86a00b800 0000000114bf0080
0x000070000e51d590:   000070000e51d6f8 0000000114bf0080
0x000070000e51d5a0:   0000000000000005 00000000000000f0
0x000070000e51d5b0:   000070000e51d5e0 000000010da6e2c7
0x000070000e51d5c0:   000070000e51d5e0 000070000e51d6f8
0x000070000e51d5d0:   000070000e51d6f8 0000000114bf0080
0x000070000e51d5e0:   000070000e51d600 000000010da6e85e
0x000070000e51d5f0:   000070000e51d6f8 00007fe86a00b800
0x000070000e51d600:   000070000e51d690 000000010da6ec77
0x000070000e51d610:   000000010de10000 0000000000000000
0x000070000e51d620:   00007fe86b804618 0000000000000000
0x000070000e51d630:   0000000000000100 000070000e510100
0x000070000e51d640:   0000000000000000 00007fff5e2c7b03
0x000070000e51d650:   0000000000000000 000070000e51dc28
0x000070000e51d660:   0000000114bf0080 00007fe86a00b800
0x000070000e51d670:   0000000114bf0080 000070000e51d6f8
0x000070000e51d680:   00007fe86a00b800 00007fe868e06f80
0x000070000e51d690:   000070000e51d6e0 000000010dc68fe5
0x000070000e51d6a0:   00007fe868f02210 00007fe868d04300
0x000070000e51d6b0:   00007fe868d04310 00007fe868d046e8
0x000070000e51d6c0:   00000000000003d8 0000000000000027 

Instructions: (pc=0x000000010d9c5214)
0x000000010d9c51f4:   63 ce 48 c1 e1 05 ba ff ff 00 00 48 23 54 08 10
0x000000010d9c5204:   8b 44 d7 50 c1 e8 10 5d c3 48 63 ce 48 c1 e1 05
0x000000010d9c5214:   48 8b 4c 08 10 0f b7 f1 48 63 c6 8b 44 c7 50 eb
0x000000010d9c5224:   e3 90 55 48 89 e5 53 48 83 ec 08 48 89 fb 48 89 

Register to memory mapping:

RAX=0x0000000114c0cf48 is pointing into metadata
RBX=0x0000000000000028 is an unknown value
RCX=0x0000000000054020 is an unknown value
RDX=0x0000000000000000 is an unknown value
RSP=0x000070000e51d4d0 is an unknown value
RBP=0x000070000e51d4d0 is an unknown value
RSI=0x0000000000002a01 is an unknown value
RDI=0x0000000114bef2b8 is pointing into metadata
R8 =0x0000000000000028 is an unknown value
R9 =0x0000000000000002 is an unknown value
R10=0x000000000000000a is an unknown value
R11=0xffffffffffffff30 is an unknown value
R12=0x000070000e51d6f8 is an unknown value
R13=0x0000000114bef2b8 is pointing into metadata
R14=0x0000000000000000 is an unknown value
R15=0x0000000000000001 is an unknown value


Stack: [0x000070000e41e000,0x000070000e51e000],  sp=0x000070000e51d4d0,  free space=1021k
Native frames: (J=compiled Java code, j=interpreted, Vv=VM code, C=native code)
V  [libjvm.dylib+0x1e2214]  ConstantPool::impl_name_and_type_ref_index_at(int, bool)+0x4c
V  [libjvm.dylib+0x28960a]  GenerateOopMap::do_field(int, int, int, int)+0x36
V  [libjvm.dylib+0x28b078]  GenerateOopMap::interp_bb(BasicBlock*)+0x104
V  [libjvm.dylib+0x28b2c7]  GenerateOopMap::interp_all()+0x31
V  [libjvm.dylib+0x28b85e]  GenerateOopMap::do_interpretation()+0x44
V  [libjvm.dylib+0x28bc77]  GenerateOopMap::compute_map(Thread*)+0x1fb
V  [libjvm.dylib+0x485fe5]  OopMapForCacheEntry::compute_map(Thread*)+0x8f
V  [libjvm.dylib+0x4861ee]  OopMapCacheEntry::fill(methodHandle, int)+0x19e
V  [libjvm.dylib+0x4863cf]  OopMapCache::compute_one_oop_map(methodHandle, int, InterpreterOopMap*)+0x16b
V  [libjvm.dylib+0x486686]  OopMapCache::lookup(methodHandle, int, InterpreterOopMap*) const+0x25c
V  [libjvm.dylib+0x2c35aa]  InstanceKlass::mask_for(methodHandle, int, InterpreterOopMap*)+0xd2
V  [libjvm.dylib+0x453cc5]  Method::mask_for(int, InterpreterOopMap*)+0xb3
V  [libjvm.dylib+0x39baa7]  VM_GetOrSetLocal::doit()+0x47
V  [libjvm.dylib+0x5bf2c5]  VM_Operation::evaluate()+0x4f
V  [libjvm.dylib+0x5bd85b]  VMThread::evaluate_operation(VM_Operation*)+0xdf
V  [libjvm.dylib+0x5bdca8]  VMThread::loop()+0x328
V  [libjvm.dylib+0x5bd5c7]  VMThread::run()+0x79
V  [libjvm.dylib+0x48f0fa]  java_start(Thread*)+0xf6
C  [libsystem_pthread.dylib+0x32eb]  _pthread_body+0x7e
C  [libsystem_pthread.dylib+0x6249]  _pthread_start+0x42
C  [libsystem_pthread.dylib+0x240d]  thread_start+0xd

VM_Operation (0x000070000e929978): GetOrSetLocal, mode: safepoint, requested by thread 0x00007fe86b80a000


---------------  P R O C E S S  ---------------

Java Threads: ( => current thread )
  0x00007fe86b80b000 JavaThread "Service Thread" daemon [_thread_blocked, id=22275, stack(0x000070000ef3f000,0x000070000f03f000)]
  0x00007fe86b039800 JavaThread "C1 CompilerThread3" daemon [_thread_blocked, id=21763, stack(0x000070000ee3c000,0x000070000ef3c000)]
  0x00007fe86b039000 JavaThread "C2 CompilerThread2" daemon [_thread_blocked, id=16899, stack(0x000070000ed39000,0x000070000ee39000)]
  0x00007fe86b038000 JavaThread "C2 CompilerThread1" daemon [_thread_blocked, id=17411, stack(0x000070000ec36000,0x000070000ed36000)]
  0x00007fe86b037800 JavaThread "C2 CompilerThread0" daemon [_thread_blocked, id=16131, stack(0x000070000eb33000,0x000070000ec33000)]
  0x00007fe86b01b800 JavaThread "JDWP Command Reader" daemon [_thread_in_native, id=15875, stack(0x000070000ea30000,0x000070000eb30000)]
  0x00007fe86980a000 JavaThread "JDWP Event Helper Thread" daemon [_thread_blocked, id=15619, stack(0x000070000e92d000,0x000070000ea2d000)]
  0x00007fe86b80a000 JavaThread "JDWP Transport Listener: dt_socket" daemon [_thread_blocked, id=18183, stack(0x000070000e82a000,0x000070000e92a000)]
  0x00007fe86b019000 JavaThread "Signal Dispatcher" daemon [_thread_blocked, id=14851, stack(0x000070000e727000,0x000070000e827000)]
  0x00007fe86b015000 JavaThread "Finalizer" daemon [_thread_blocked, id=12803, stack(0x000070000e624000,0x000070000e724000)]
  0x00007fe86c81d800 JavaThread "Reference Handler" daemon [_thread_blocked, id=12547, stack(0x000070000e521000,0x000070000e621000)]
  0x00007fe86b001000 JavaThread "main" [_thread_blocked, id=5635, stack(0x000070000db03000,0x000070000dc03000)]

Other Threads:
=>0x00007fe86a00b800 VMThread [stack: 0x000070000e41e000,0x000070000e51e000] [id=19715]
  0x00007fe86b824000 WatcherThread [stack: 0x000070000f042000,0x000070000f142000] [id=22531]

VM state:at safepoint (normal execution)

VM Mutex/Monitor currently owned by a thread:  ([mutex/lock_event])
[0x00007fe86a802480] Threads_lock - owner thread: 0x00007fe86a00b800

heap address: 0x0000000740000000, size: 2048 MB, Compressed Oops mode: Zero based, Oop shift amount: 3
Narrow klass base: 0x0000000000000000, Narrow klass shift: 3
Compressed class space size: 1073741824 Address: 0x00000007c0000000

Heap:
 PSYoungGen      total 38400K, used 9349K [0x0000000795580000, 0x0000000798000000, 0x00000007c0000000)
  eden space 33280K, 28% used [0x0000000795580000,0x0000000795ea1750,0x0000000797600000)
  from space 5120K, 0% used [0x0000000797b00000,0x0000000797b00000,0x0000000798000000)
  to   space 5120K, 0% used [0x0000000797600000,0x0000000797600000,0x0000000797b00000)
 ParOldGen       total 87552K, used 0K [0x0000000740000000, 0x0000000745580000, 0x0000000795580000)
  object space 87552K, 0% used [0x0000000740000000,0x0000000740000000,0x0000000745580000)
 Metaspace       used 5108K, capacity 5360K, committed 5504K, reserved 1056768K
  class space    used 588K, capacity 595K, committed 640K, reserved 1048576K

Card table byte_map: [0x000000010fcb1000,0x00000001100b2000] byte_map_base: 0x000000010c2b1000

Marking Bits: (ParMarkBitMap*) 0x000000010e0dfeb0
 Begin Bits: [0x000000011035d000, 0x000000011235d000)
 End Bits:   [0x000000011235d000, 0x000000011435d000)

Polling page: 0x000000010e7e1000

CodeCache: size=245760Kb used=1861Kb max_used=1876Kb free=243898Kb
 bounds [0x0000000116fed000, 0x000000011725d000, 0x0000000125fed000]
 total_blobs=532 nmethods=273 adapters=181
 compilation: enabled

Compilation events (10 events):
Event: 0.255 Thread 0x00007fe86b039800 nmethod 269 0x00000001171b59d0 code [0x00000001171b5b40, 0x00000001171b5df0]
Event: 0.255 Thread 0x00007fe86b039800  270   !   3       java.lang.ref.Finalizer::add (41 bytes)
Event: 0.255 Thread 0x00007fe86b039800 nmethod 270 0x00000001171b5f10 code [0x00000001171b6080, 0x00000001171b6450]
Event: 0.255 Thread 0x00007fe86b039800  271   !   3       sun.misc.URLClassPath$JarLoader::getResource (353 bytes)
Event: 0.257 Thread 0x00007fe86b039800 nmethod 271 0x00000001171b6590 code [0x00000001171b69e0, 0x00000001171b8ad8]
Event: 0.268 Thread 0x00007fe86b039000 nmethod 253 0x00000001171bee90 code [0x00000001171bf1a0, 0x00000001171c0998]
Event: 11.723 Thread 0x00007fe86b039800  272       3       java.lang.StringBuffer::<init> (6 bytes)
Event: 11.723 Thread 0x00007fe86b039800 nmethod 272 0x00000001171be950 code [0x00000001171beac0, 0x00000001171bed70]
Event: 38.271 Thread 0x00007fe86b039800  273       1       java.nio.Buffer::limit (5 bytes)
Event: 38.271 Thread 0x00007fe86b039800 nmethod 273 0x00000001171be690 code [0x00000001171be7e0, 0x00000001171be8f0]

GC Heap History (0 events):
No events

Deoptimization events (0 events):
No events

Classes redefined (10 events):
Event: 1532.938 Thread 0x00007fe86a00b800 redefined class name=book.chapter3.section3.MyLinkedList, count=6
Event: 2094.731 Thread 0x00007fe86a00b800 redefined class name=book.chapter3.section3.MyLinkedListTest, count=1
Event: 2113.477 Thread 0x00007fe86a00b800 redefined class name=book.chapter3.section3.MyLinkedListTest, count=2
Event: 2455.811 Thread 0x00007fe86a00b800 redefined class name=book.chapter3.section3.MyLinkedListTest, count=3
Event: 3390.384 Thread 0x00007fe86a00b800 redefined class name=book.chapter3.section3.MyLinkedListTest, count=4
Event: 3678.932 Thread 0x00007fe86a00b800 redefined class name=book.chapter3.section3.MyLinkedListTest, count=5
Event: 3725.591 Thread 0x00007fe86a00b800 redefined class name=book.chapter3.section3.MyLinkedList$Node, count=7
Event: 3725.592 Thread 0x00007fe86a00b800 redefined class name=book.chapter3.section3.MyLinkedList, count=7
Event: 3817.478 Thread 0x00007fe86a00b800 redefined class name=book.chapter3.section3.MyLinkedList$Node, count=8
Event: 3817.479 Thread 0x00007fe86a00b800 redefined class name=book.chapter3.section3.MyLinkedList, count=8

Internal exceptions (7 events):
Event: 0.041 Thread 0x00007fe86b001000 Exception <a 'java/lang/NoSuchMethodError': Method sun.misc.Unsafe.defineClass(Ljava/lang/String;[BII)Ljava/lang/Class; name or signature does not match> (0x0000000795587cb8) thrown at [/Users/java_re/workspace/8-2-build-macosx-x86_64/jdk8u231/13620/hotsp
Event: 0.041 Thread 0x00007fe86b001000 Exception <a 'java/lang/NoSuchMethodError': Method sun.misc.Unsafe.prefetchRead(Ljava/lang/Object;J)V name or signature does not match> (0x0000000795587fa0) thrown at [/Users/java_re/workspace/8-2-build-macosx-x86_64/jdk8u231/13620/hotspot/src/share/vm/pr
Event: 0.142 Thread 0x00007fe86b001000 Exception <a 'java/io/FileNotFoundException'> (0x000000079588c380) thrown at [/Users/java_re/workspace/8-2-build-macosx-x86_64/jdk8u231/13620/hotspot/src/share/vm/prims/jni.cpp, line 710]
Event: 0.155 Thread 0x00007fe86b001000 Exception <a 'java/security/PrivilegedActionException'> (0x0000000795984768) thrown at [/Users/java_re/workspace/8-2-build-macosx-x86_64/jdk8u231/13620/hotspot/src/share/vm/prims/jvm.cpp, line 1502]
Event: 0.155 Thread 0x00007fe86b001000 Exception <a 'java/security/PrivilegedActionException'> (0x0000000795984978) thrown at [/Users/java_re/workspace/8-2-build-macosx-x86_64/jdk8u231/13620/hotspot/src/share/vm/prims/jvm.cpp, line 1502]
Event: 0.155 Thread 0x00007fe86b001000 Exception <a 'java/security/PrivilegedActionException'> (0x0000000795987ca8) thrown at [/Users/java_re/workspace/8-2-build-macosx-x86_64/jdk8u231/13620/hotspot/src/share/vm/prims/jvm.cpp, line 1502]
Event: 0.155 Thread 0x00007fe86b001000 Exception <a 'java/security/PrivilegedActionException'> (0x0000000795987eb8) thrown at [/Users/java_re/workspace/8-2-build-macosx-x86_64/jdk8u231/13620/hotspot/src/share/vm/prims/jvm.cpp, line 1502]

Events (10 events):
Event: 3725.714 Executing VM operation: GetOrSetLocal done
Event: 3810.526 Executing VM operation: ChangeBreakpoints
Event: 3810.527 Executing VM operation: ChangeBreakpoints done
Event: 3817.470 Executing VM operation: ChangeBreakpoints
Event: 3817.470 Executing VM operation: ChangeBreakpoints done
Event: 3817.470 Executing VM operation: ChangeBreakpoints
Event: 3817.470 Executing VM operation: ChangeBreakpoints done
Event: 3817.476 Executing VM operation: RedefineClasses
Event: 3817.479 Executing VM operation: RedefineClasses done
Event: 3817.480 Executing VM operation: GetOrSetLocal


Dynamic libraries:
0x00007fff31a40000 	/System/Library/Frameworks/Cocoa.framework/Versions/A/Cocoa
0x00007fff3d788000 	/System/Library/Frameworks/Security.framework/Versions/A/Security
0x00007fff306d5000 	/System/Library/Frameworks/ApplicationServices.framework/Versions/A/ApplicationServices
0x00007fff5d8c1000 	/usr/lib/libz.1.dylib
0x00007fff5b1a4000 	/usr/lib/libSystem.B.dylib
0x00007fff5ca5b000 	/usr/lib/libobjc.A.dylib
0x00007fff32236000 	/System/Library/Frameworks/CoreFoundation.framework/Versions/A/CoreFoundation
0x00007fff344d5000 	/System/Library/Frameworks/Foundation.framework/Versions/C/Foundation
0x00007fff2f8ce000 	/System/Library/Frameworks/AppKit.framework/Versions/C/AppKit
0x00007fff31dbb000 	/System/Library/Frameworks/CoreData.framework/Versions/A/CoreData
0x00007fff54c77000 	/System/Library/PrivateFrameworks/RemoteViewServices.framework/Versions/A/RemoteViewServices
0x00007fff58ee4000 	/System/Library/PrivateFrameworks/UIFoundation.framework/Versions/A/UIFoundation
0x00007fff5a5c6000 	/System/Library/PrivateFrameworks/XCTTargetBootstrap.framework/Versions/A/XCTTargetBootstrap
0x00007fff3214e000 	/System/Library/Frameworks/CoreDisplay.framework/Versions/A/CoreDisplay
0x00007fff4f9ce000 	/System/Library/PrivateFrameworks/IconServices.framework/Versions/A/IconServices
0x00007fff36dfe000 	/System/Library/Frameworks/Metal.framework/Versions/A/Metal
0x00007fff46f49000 	/System/Library/PrivateFrameworks/DesktopServicesPriv.framework/Versions/A/DesktopServicesPriv
0x00007fff5bdbe000 	/usr/lib/libenergytrace.dylib
0x00007fff573cd000 	/System/Library/PrivateFrameworks/SkyLight.framework/Versions/A/SkyLight
0x00007fff3267c000 	/System/Library/Frameworks/CoreGraphics.framework/Versions/A/CoreGraphics
0x00007fff2e4b8000 	/System/Library/Frameworks/Accelerate.framework/Versions/A/Accelerate
0x00007fff34c1d000 	/System/Library/Frameworks/IOSurface.framework/Versions/A/IOSurface
0x00007fff46db5000 	/System/Library/PrivateFrameworks/DFRFoundation.framework/Versions/A/DFRFoundation
0x00007fff30bb8000 	/System/Library/Frameworks/AudioToolbox.framework/Versions/A/AudioToolbox
0x00007fff30e31000 	/System/Library/Frameworks/AudioUnit.framework/Versions/A/AudioUnit
0x00007fff46e4a000 	/System/Library/PrivateFrameworks/DataDetectorsCore.framework/Versions/A/DataDetectorsCore
0x00007fff31544000 	/System/Library/Frameworks/Carbon.framework/Versions/A/Frameworks/HIToolbox.framework/Versions/A/HIToolbox
0x00007fff5bf17000 	/usr/lib/libicucore.A.dylib
0x00007fff3ccfd000 	/System/Library/Frameworks/QuartzCore.framework/Versions/A/QuartzCore
0x00007fff31918000 	/System/Library/Frameworks/Carbon.framework/Versions/A/Frameworks/SpeechRecognition.framework/Versions/A/SpeechRecognition
0x00007fff5b378000 	/usr/lib/libauto.dylib
0x00007fff5d7b5000 	/usr/lib/libxml2.2.dylib
0x00007fff46992000 	/System/Library/PrivateFrameworks/CoreUI.framework/Versions/A/CoreUI
0x00007fff31ca6000 	/System/Library/Frameworks/CoreAudio.framework/Versions/A/CoreAudio
0x00007fff3430a000 	/System/Library/Frameworks/DiskArbitration.framework/Versions/A/DiskArbitration
0x00007fff5c1c5000 	/usr/lib/liblangid.dylib
0x00007fff50ddc000 	/System/Library/PrivateFrameworks/MultitouchSupport.framework/Versions/A/MultitouchSupport
0x00007fff34b8c000 	/System/Library/Frameworks/IOKit.framework/Versions/A/IOKit
0x00007fff5ad65000 	/usr/lib/libDiagnosticMessagesClient.dylib
0x00007fff334a8000 	/System/Library/Frameworks/CoreServices.framework/Versions/A/CoreServices
0x00007fff52a83000 	/System/Library/PrivateFrameworks/PerformanceAnalysis.framework/Versions/A/PerformanceAnalysis
0x00007fff3beeb000 	/System/Library/Frameworks/OpenGL.framework/Versions/A/OpenGL
0x00007fff31a4e000 	/System/Library/Frameworks/ColorSync.framework/Versions/A/ColorSync
0x00007fff32d2a000 	/System/Library/Frameworks/CoreImage.framework/Versions/A/CoreImage
0x00007fff33e81000 	/System/Library/Frameworks/CoreText.framework/Versions/A/CoreText
0x00007fff34c80000 	/System/Library/Frameworks/ImageIO.framework/Versions/A/ImageIO
0x00007fff42fe7000 	/System/Library/PrivateFrameworks/Backup.framework/Versions/A/Backup
0x00007fff5b24b000 	/usr/lib/libarchive.2.dylib
0x00007fff31189000 	/System/Library/Frameworks/CFNetwork.framework/Versions/A/CFNetwork
0x00007fff3dee2000 	/System/Library/Frameworks/SystemConfiguration.framework/Versions/A/SystemConfiguration
0x00007fff5ac96000 	/usr/lib/libCRFSuite.dylib
0x00007fff5b467000 	/usr/lib/libc++.1.dylib
0x00007fff5b4bb000 	/usr/lib/libc++abi.dylib
0x00007fff5e0b0000 	/usr/lib/system/libcache.dylib
0x00007fff5e0b5000 	/usr/lib/system/libcommonCrypto.dylib
0x00007fff5e0c0000 	/usr/lib/system/libcompiler_rt.dylib
0x00007fff5e0c8000 	/usr/lib/system/libcopyfile.dylib
0x00007fff5e0d2000 	/usr/lib/system/libcorecrypto.dylib
0x00007fff5e1dd000 	/usr/lib/system/libdispatch.dylib
0x00007fff5e217000 	/usr/lib/system/libdyld.dylib
0x00007fff5e244000 	/usr/lib/system/libkeymgr.dylib
0x00007fff5e252000 	/usr/lib/system/liblaunch.dylib
0x00007fff5e253000 	/usr/lib/system/libmacho.dylib
0x00007fff5e259000 	/usr/lib/system/libquarantine.dylib
0x00007fff5e25c000 	/usr/lib/system/libremovefile.dylib
0x00007fff5e25e000 	/usr/lib/system/libsystem_asl.dylib
0x00007fff5e276000 	/usr/lib/system/libsystem_blocks.dylib
0x00007fff5e277000 	/usr/lib/system/libsystem_c.dylib
0x00007fff5e2ff000 	/usr/lib/system/libsystem_configuration.dylib
0x00007fff5e303000 	/usr/lib/system/libsystem_coreservices.dylib
0x00007fff5e307000 	/usr/lib/system/libsystem_darwin.dylib
0x00007fff5e30e000 	/usr/lib/system/libsystem_dnssd.dylib
0x00007fff5e315000 	/usr/lib/system/libsystem_info.dylib
0x00007fff5e38a000 	/usr/lib/system/libsystem_m.dylib
0x00007fff5e3d6000 	/usr/lib/system/libsystem_malloc.dylib
0x00007fff5e401000 	/usr/lib/system/libsystem_networkextension.dylib
0x00007fff5e40c000 	/usr/lib/system/libsystem_notify.dylib
0x00007fff5e429000 	/usr/lib/system/libsystem_sandbox.dylib
0x00007fff5e42d000 	/usr/lib/system/libsystem_secinit.dylib
0x00007fff5e361000 	/usr/lib/system/libsystem_kernel.dylib
0x00007fff5e414000 	/usr/lib/system/libsystem_platform.dylib
0x00007fff5e41e000 	/usr/lib/system/libsystem_pthread.dylib
0x00007fff5e430000 	/usr/lib/system/libsystem_symptoms.dylib
0x00007fff5e438000 	/usr/lib/system/libsystem_trace.dylib
0x00007fff5e44f000 	/usr/lib/system/libunwind.dylib
0x00007fff5e455000 	/usr/lib/system/libxpc.dylib
0x00007fff5b448000 	/usr/lib/libbsm.0.dylib
0x00007fff5e245000 	/usr/lib/system/libkxld.dylib
0x00007fff423d8000 	/System/Library/PrivateFrameworks/AppleFSCompression.framework/Versions/A/AppleFSCompression
0x00007fff5b064000 	/usr/lib/libOpenScriptingUtil.dylib
0x00007fff5b770000 	/usr/lib/libcoretls.dylib
0x00007fff5b787000 	/usr/lib/libcoretls_cfhelpers.dylib
0x00007fff5d1f5000 	/usr/lib/libpam.2.dylib
0x00007fff5d3b5000 	/usr/lib/libsqlite3.dylib
0x00007fff5d7a3000 	/usr/lib/libxar.1.dylib
0x00007fff5b459000 	/usr/lib/libbz2.1.0.dylib
0x00007fff5c1c7000 	/usr/lib/liblzma.5.dylib
0x00007fff5c678000 	/usr/lib/libnetwork.dylib
0x00007fff5b234000 	/usr/lib/libapple_nghttp2.dylib
0x00007fff5d1fc000 	/usr/lib/libpcap.A.dylib
0x00007fff33847000 	/System/Library/Frameworks/CoreServices.framework/Versions/A/Frameworks/FSEvents.framework/Versions/A/FSEvents
0x00007fff33526000 	/System/Library/Frameworks/CoreServices.framework/Versions/A/Frameworks/CarbonCore.framework/Versions/A/CarbonCore
0x00007fff33a03000 	/System/Library/Frameworks/CoreServices.framework/Versions/A/Frameworks/Metadata.framework/Versions/A/Metadata
0x00007fff33aa2000 	/System/Library/Frameworks/CoreServices.framework/Versions/A/Frameworks/OSServices.framework/Versions/A/OSServices
0x00007fff33aed000 	/System/Library/Frameworks/CoreServices.framework/Versions/A/Frameworks/SearchKit.framework/Versions/A/SearchKit
0x00007fff334a9000 	/System/Library/Frameworks/CoreServices.framework/Versions/A/Frameworks/AE.framework/Versions/A/AE
0x00007fff33850000 	/System/Library/Frameworks/CoreServices.framework/Versions/A/Frameworks/LaunchServices.framework/Versions/A/LaunchServices
0x00007fff337fe000 	/System/Library/Frameworks/CoreServices.framework/Versions/A/Frameworks/DictionaryServices.framework/Versions/A/DictionaryServices
0x00007fff33b55000 	/System/Library/Frameworks/CoreServices.framework/Versions/A/Frameworks/SharedFileList.framework/Versions/A/SharedFileList
0x00007fff37ec6000 	/System/Library/Frameworks/NetFS.framework/Versions/A/NetFS
0x00007fff51042000 	/System/Library/PrivateFrameworks/NetAuth.framework/Versions/A/NetAuth
0x00007fff5a9ca000 	/System/Library/PrivateFrameworks/login.framework/Versions/A/Frameworks/loginsupport.framework/Versions/A/loginsupport
0x00007fff58aed000 	/System/Library/PrivateFrameworks/TCC.framework/Versions/A/TCC
0x00007fff45fef000 	/System/Library/PrivateFrameworks/CoreNLP.framework/Versions/A/CoreNLP
0x00007fff50ad5000 	/System/Library/PrivateFrameworks/MetadataUtilities.framework/Versions/A/MetadataUtilities
0x00007fff5c29c000 	/usr/lib/libmecabra.dylib
0x00007fff306d6000 	/System/Library/Frameworks/ApplicationServices.framework/Versions/A/Frameworks/ATS.framework/Versions/A/ATS
0x00007fff30a25000 	/System/Library/Frameworks/ApplicationServices.framework/Versions/A/Frameworks/ColorSyncLegacy.framework/Versions/A/ColorSyncLegacy
0x00007fff30ac4000 	/System/Library/Frameworks/ApplicationServices.framework/Versions/A/Frameworks/HIServices.framework/Versions/A/HIServices
0x00007fff30b17000 	/System/Library/Frameworks/ApplicationServices.framework/Versions/A/Frameworks/LangAnalysis.framework/Versions/A/LangAnalysis
0x00007fff30b27000 	/System/Library/Frameworks/ApplicationServices.framework/Versions/A/Frameworks/PrintCore.framework/Versions/A/PrintCore
0x00007fff30b71000 	/System/Library/Frameworks/ApplicationServices.framework/Versions/A/Frameworks/QD.framework/Versions/A/QD
0x00007fff30bab000 	/System/Library/Frameworks/ApplicationServices.framework/Versions/A/Frameworks/SpeechSynthesis.framework/Versions/A/SpeechSynthesis
0x00007fff5b4e3000 	/usr/lib/libcompression.dylib
0x00007fff370ce000 	/System/Library/Frameworks/MetalPerformanceShaders.framework/Versions/A/MetalPerformanceShaders
0x00007fff2e4d0000 	/System/Library/Frameworks/Accelerate.framework/Versions/A/Frameworks/vImage.framework/Versions/A/vImage
0x00007fff2f72c000 	/System/Library/Frameworks/Accelerate.framework/Versions/A/Frameworks/vecLib.framework/Versions/A/vecLib
0x00007fff2f5b7000 	/System/Library/Frameworks/Accelerate.framework/Versions/A/Frameworks/vecLib.framework/Versions/A/libvMisc.dylib
0x00007fff2f416000 	/System/Library/Frameworks/Accelerate.framework/Versions/A/Frameworks/vecLib.framework/Versions/A/libvDSP.dylib
0x00007fff2edc5000 	/System/Library/Frameworks/Accelerate.framework/Versions/A/Frameworks/vecLib.framework/Versions/A/libBLAS.dylib
0x00007fff2efb1000 	/System/Library/Frameworks/Accelerate.framework/Versions/A/Frameworks/vecLib.framework/Versions/A/libLAPACK.dylib
0x00007fff2f36a000 	/System/Library/Frameworks/Accelerate.framework/Versions/A/Frameworks/vecLib.framework/Versions/A/libLinearAlgebra.dylib
0x00007fff2f403000 	/System/Library/Frameworks/Accelerate.framework/Versions/A/Frameworks/vecLib.framework/Versions/A/libSparseBLAS.dylib
0x00007fff2f380000 	/System/Library/Frameworks/Accelerate.framework/Versions/A/Frameworks/vecLib.framework/Versions/A/libQuadrature.dylib
0x00007fff2ef6c000 	/System/Library/Frameworks/Accelerate.framework/Versions/A/Frameworks/vecLib.framework/Versions/A/libBNNS.dylib
0x00007fff2f386000 	/System/Library/Frameworks/Accelerate.framework/Versions/A/Frameworks/vecLib.framework/Versions/A/libSparse.dylib
0x00007fff4d331000 	/System/Library/PrivateFrameworks/GPUWrangler.framework/Versions/A/GPUWrangler
0x00007fff4f603000 	/System/Library/PrivateFrameworks/IOAccelerator.framework/Versions/A/IOAccelerator
0x00007fff4f60e000 	/System/Library/PrivateFrameworks/IOPresentment.framework/Versions/A/IOPresentment
0x00007fff46dc5000 	/System/Library/PrivateFrameworks/DSExternalDisplay.framework/Versions/A/DSExternalDisplay
0x00007fff3b342000 	/System/Library/Frameworks/OpenGL.framework/Versions/A/Libraries/libCoreFSCache.dylib
0x00007fff36ec2000 	/System/Library/Frameworks/MetalPerformanceShaders.framework/Frameworks/MPSCore.framework/Versions/A/MPSCore
0x00007fff36ee2000 	/System/Library/Frameworks/MetalPerformanceShaders.framework/Frameworks/MPSImage.framework/Versions/A/MPSImage
0x00007fff36f87000 	/System/Library/Frameworks/MetalPerformanceShaders.framework/Frameworks/MPSNeuralNetwork.framework/Versions/A/MPSNeuralNetwork
0x00007fff36f5f000 	/System/Library/Frameworks/MetalPerformanceShaders.framework/Frameworks/MPSMatrix.framework/Versions/A/MPSMatrix
0x00007fff370b3000 	/System/Library/Frameworks/MetalPerformanceShaders.framework/Frameworks/MPSRayIntersector.framework/Versions/A/MPSRayIntersector
0x00007fff50afe000 	/System/Library/PrivateFrameworks/MetalTools.framework/Versions/A/MetalTools
0x00007fff41c85000 	/System/Library/PrivateFrameworks/AggregateDictionary.framework/Versions/A/AggregateDictionary
0x00007fff5b045000 	/usr/lib/libMobileGestalt.dylib
0x00007fff33fe4000 	/System/Library/Frameworks/CoreVideo.framework/Versions/A/CoreVideo
0x00007fff4e141000 	/System/Library/PrivateFrameworks/GraphVisualizer.framework/Versions/A/GraphVisualizer
0x00007fff47fc1000 	/System/Library/PrivateFrameworks/FaceCore.framework/Versions/A/FaceCore
0x00007fff3a970000 	/System/Library/Frameworks/OpenCL.framework/Versions/A/OpenCL
0x00007fff5ad9d000 	/usr/lib/libFosl_dynamic.dylib
0x00007fff518ad000 	/System/Library/PrivateFrameworks/OTSVG.framework/Versions/A/OTSVG
0x00007fff307da000 	/System/Library/Frameworks/ApplicationServices.framework/Versions/A/Frameworks/ATS.framework/Versions/A/Resources/libFontParser.dylib
0x00007fff308f2000 	/System/Library/Frameworks/ApplicationServices.framework/Versions/A/Frameworks/ATS.framework/Versions/A/Resources/libFontRegistry.dylib
0x00007fff34ef2000 	/System/Library/Frameworks/ImageIO.framework/Versions/A/Resources/libJPEG.dylib
0x00007fff35205000 	/System/Library/Frameworks/ImageIO.framework/Versions/A/Resources/libTIFF.dylib
0x00007fff351db000 	/System/Library/Frameworks/ImageIO.framework/Versions/A/Resources/libPng.dylib
0x00007fff34e0f000 	/System/Library/Frameworks/ImageIO.framework/Versions/A/Resources/libGIF.dylib
0x00007fff34e14000 	/System/Library/Frameworks/ImageIO.framework/Versions/A/Resources/libJP2.dylib
0x00007fff35202000 	/System/Library/Frameworks/ImageIO.framework/Versions/A/Resources/libRadiance.dylib
0x00007fff4252f000 	/System/Library/PrivateFrameworks/AppleJPEG.framework/Versions/A/AppleJPEG
0x00007fff3b34d000 	/System/Library/Frameworks/OpenGL.framework/Versions/A/Libraries/libGFXShared.dylib
0x00007fff3b510000 	/System/Library/Frameworks/OpenGL.framework/Versions/A/Libraries/libGLU.dylib
0x00007fff3b356000 	/System/Library/Frameworks/OpenGL.framework/Versions/A/Libraries/libGL.dylib
0x00007fff3b362000 	/System/Library/Frameworks/OpenGL.framework/Versions/A/Libraries/libGLImage.dylib
0x00007fff3b33f000 	/System/Library/Frameworks/OpenGL.framework/Versions/A/Libraries/libCVMSPluginSupport.dylib
0x00007fff3b348000 	/System/Library/Frameworks/OpenGL.framework/Versions/A/Libraries/libCoreVMClient.dylib
0x00007fff5bc34000 	/usr/lib/libcups.2.dylib
0x00007fff363c9000 	/System/Library/Frameworks/Kerberos.framework/Versions/A/Kerberos
0x00007fff348f1000 	/System/Library/Frameworks/GSS.framework/Versions/A/GSS
0x00007fff5d34a000 	/usr/lib/libresolv.9.dylib
0x00007fff5be26000 	/usr/lib/libiconv.2.dylib
0x00007fff4e2a0000 	/System/Library/PrivateFrameworks/Heimdal.framework/Versions/A/Heimdal
0x00007fff5bdf6000 	/usr/lib/libheimdal-asn1.dylib
0x00007fff3a9e4000 	/System/Library/Frameworks/OpenDirectory.framework/Versions/A/OpenDirectory
0x00007fff44d54000 	/System/Library/PrivateFrameworks/CommonAuth.framework/Versions/A/CommonAuth
0x00007fff3a9c8000 	/System/Library/Frameworks/OpenDirectory.framework/Versions/A/Frameworks/CFOpenDirectory.framework/Versions/A/CFOpenDirectory
0x00007fff3da88000 	/System/Library/Frameworks/SecurityFoundation.framework/Versions/A/SecurityFoundation
0x00007fff411ce000 	/System/Library/PrivateFrameworks/APFS.framework/Versions/A/APFS
0x00007fff5d79f000 	/usr/lib/libutil.dylib
0x00007fff5b4d1000 	/usr/lib/libcharset.1.dylib
0x00007fff427cc000 	/System/Library/PrivateFrameworks/AppleSauce.framework/Versions/A/AppleSauce
0x00007fff4294d000 	/System/Library/PrivateFrameworks/AssertionServices.framework/Versions/A/AssertionServices
0x00007fff4307d000 	/System/Library/PrivateFrameworks/BaseBoard.framework/Versions/A/BaseBoard
0x00007fff5c1f7000 	/usr/lib/libmecab.1.0.0.dylib
0x00007fff5bdf0000 	/usr/lib/libgermantok.dylib
0x00007fff5b221000 	/usr/lib/libThaiTokenizer.dylib
0x00007fff5accd000 	/usr/lib/libChineseTokenizer.dylib
0x00007fff4fcbc000 	/System/Library/PrivateFrameworks/LanguageModeling.framework/Versions/A/LanguageModeling
0x00007fff45a35000 	/System/Library/PrivateFrameworks/CoreEmoji.framework/Versions/A/CoreEmoji
0x00007fff4fd98000 	/System/Library/PrivateFrameworks/Lexicon.framework/Versions/A/Lexicon
0x00007fff4fddb000 	/System/Library/PrivateFrameworks/LinguisticData.framework/Versions/A/LinguisticData
0x00007fff5b4d2000 	/usr/lib/libcmph.dylib
0x00007fff3db46000 	/System/Library/Frameworks/ServiceManagement.framework/Versions/A/ServiceManagement
0x00007fff42fde000 	/System/Library/PrivateFrameworks/BackgroundTaskManagement.framework/Versions/A/BackgroundTaskManagement
0x00007fff5d898000 	/usr/lib/libxslt.1.dylib
0x00007fff31845000 	/System/Library/Frameworks/Carbon.framework/Versions/A/Frameworks/Ink.framework/Versions/A/Ink
0x00007fff58d5f000 	/System/Library/PrivateFrameworks/TextureIO.framework/Versions/A/TextureIO
0x00007fff5b275000 	/usr/lib/libate.dylib
0x00007fff46d14000 	/System/Library/PrivateFrameworks/CrashReporterSupport.framework/Versions/A/CrashReporterSupport
0x00007fff5649e000 	/System/Library/PrivateFrameworks/Sharing.framework/Versions/A/Sharing
0x00007fff42d30000 	/System/Library/PrivateFrameworks/AuthKit.framework/Versions/A/AuthKit
0x00007fff42284000 	/System/Library/PrivateFrameworks/Apple80211.framework/Versions/A/Apple80211
0x00007fff46abe000 	/System/Library/PrivateFrameworks/CoreUtils.framework/Versions/A/CoreUtils
0x00007fff34024000 	/System/Library/Frameworks/CoreWLAN.framework/Versions/A/CoreWLAN
0x00007fff34a20000 	/System/Library/Frameworks/IOBluetooth.framework/Versions/A/IOBluetooth
0x00007fff54922000 	/System/Library/PrivateFrameworks/ProtocolBuffer.framework/Versions/A/ProtocolBuffer
0x00007fff50d38000 	/System/Library/PrivateFrameworks/MobileKeyBag.framework/Versions/A/MobileKeyBag
0x00007fff46302000 	/System/Library/PrivateFrameworks/CorePhoneNumbers.framework/Versions/A/CorePhoneNumbers
0x00007fff424e3000 	/System/Library/PrivateFrameworks/AppleIDAuthSupport.framework/Versions/A/AppleIDAuthSupport
0x00007fff4fc8f000 	/System/Library/PrivateFrameworks/KeychainCircle.framework/Versions/A/KeychainCircle
0x00007fff54ad8000 	/System/Library/PrivateFrameworks/ROCKit.framework/Versions/A/ROCKit
0x00007fff46cb0000 	/System/Library/PrivateFrameworks/CoreWiFi.framework/Versions/A/CoreWiFi
0x00007fff31d90000 	/System/Library/Frameworks/CoreBluetooth.framework/Versions/A/CoreBluetooth
0x00007fff46f0b000 	/System/Library/PrivateFrameworks/DebugSymbols.framework/Versions/A/DebugSymbols
0x00007fff4687e000 	/System/Library/PrivateFrameworks/CoreSymbolication.framework/Versions/A/CoreSymbolication
0x00007fff5857a000 	/System/Library/PrivateFrameworks/Symbolication.framework/Versions/A/Symbolication
0x00007fff57e1d000 	/System/Library/PrivateFrameworks/SpeechRecognitionCore.framework/Versions/A/SpeechRecognitionCore
0x00007fff26820000 	/System/Library/CoreServices/Encodings/libSimplifiedChineseConverter.dylib
0x000000010d7e3000 	/Library/Java/JavaVirtualMachines/jdk1.8.0_231.jdk/Contents/Home/jre/lib/server/libjvm.dylib
0x00007fff5d67a000 	/usr/lib/libstdc++.6.dylib
0x000000010e79d000 	/Library/Java/JavaVirtualMachines/jdk1.8.0_231.jdk/Contents/Home/jre/lib/libverify.dylib
0x000000010e7ab000 	/Library/Java/JavaVirtualMachines/jdk1.8.0_231.jdk/Contents/Home/jre/lib/libjava.dylib
0x000000010f800000 	/Library/Java/JavaVirtualMachines/jdk1.8.0_231.jdk/Contents/Home/jre/lib/libjdwp.dylib
0x000000010e7e2000 	/Library/Java/JavaVirtualMachines/jdk1.8.0_231.jdk/Contents/Home/jre/lib/libnpt.dylib
0x000000010f84b000 	/Library/Java/JavaVirtualMachines/jdk1.8.0_231.jdk/Contents/Home/jre/lib/libinstrument.dylib
0x000000010f8e8000 	/Library/Java/JavaVirtualMachines/jdk1.8.0_231.jdk/Contents/Home/jre/lib/libzip.dylib
0x0000000116ef4000 	/Library/Java/JavaVirtualMachines/jdk1.8.0_231.jdk/Contents/Home/jre/lib/libdt_socket.dylib

VM Arguments:
jvm_args: -agentlib:jdwp=transport=dt_socket,address=127.0.0.1:64553,suspend=y,server=n -ea -Didea.test.cyclic.buffer.size=1048576 -javaagent:/Users/bear/Library/Caches/IntelliJIdea2018.1/captureAgent/debugger-agent.jar=file:/private/var/folders/2h/k0f810vj5xj6mr3y8pjnt3440000gn/T/capture.props -Dfile.encoding=UTF-8 
java_command: com.intellij.rt.execution.junit.JUnitStarter -ideVersion5 -junit4 book.chapter3.section3.MyLinkedListTest,test
java_class_path (initial): /Applications/IntelliJ IDEA.app/Contents/lib/idea_rt.jar:/Applications/IntelliJ IDEA.app/Contents/plugins/junit/lib/junit-rt.jar:/Applications/IntelliJ IDEA.app/Contents/plugins/junit/lib/junit5-rt.jar:/Library/Java/JavaVirtualMachines/jdk1.8.0_231.jdk/Contents/Home/jre/lib/charsets.jar:/Library/Java/JavaVirtualMachines/jdk1.8.0_231.jdk/Contents/Home/jre/lib/deploy.jar:/Library/Java/JavaVirtualMachines/jdk1.8.0_231.jdk/Contents/Home/jre/lib/ext/cldrdata.jar:/Library/Java/JavaVirtualMachines/jdk1.8.0_231.jdk/Contents/Home/jre/lib/ext/dnsns.jar:/Library/Java/JavaVirtualMachines/jdk1.8.0_231.jdk/Contents/Home/jre/lib/ext/jaccess.jar:/Library/Java/JavaVirtualMachines/jdk1.8.0_231.jdk/Contents/Home/jre/lib/ext/jfxrt.jar:/Library/Java/JavaVirtualMachines/jdk1.8.0_231.jdk/Contents/Home/jre/lib/ext/localedata.jar:/Library/Java/JavaVirtualMachines/jdk1.8.0_231.jdk/Contents/Home/jre/lib/ext/nashorn.jar:/Library/Java/JavaVirtualMachines/jdk1.8.0_231.jdk/Contents/Home/jre/lib/ext/sunec.jar:/Library/Java/JavaVirtualMachines/jdk1.8.0_231.jdk/Contents/Home/jre/lib/ext/sunjce_provider.jar:/Library/Java/JavaVirtualMachines/jdk1.8.0_231.jdk/Contents/Home/jre/lib/ext/sunpkcs11.jar:/Library/Java/JavaVirtualMachines/jdk1.8.0_231.jdk/Contents/Home/jre/lib/ext/zipfs.jar:/Library/Java/JavaVirtualMachines/jdk1.8.0_231.jdk/Contents/Home/jre/lib/javaws.jar:/Library/Java/JavaVirtualMachines/jdk1.8.0_231.jdk/Contents/Home/jre/lib/jce.jar:/Library/Java/JavaVirtualMachines/jdk1.8.0_231.jdk/Contents/Home/jre/lib/jfr.jar:/Library/Java/JavaVirtualMachines/jdk1.8.0_231.jdk/Contents/Home/jre/lib/jfxswt.jar:/Library/Java/JavaVirtualMachines/jdk1.8.0_231.jdk/Contents/Home/jre/lib/jsse.jar:/Library/Java/JavaVirtualMachines/jdk1.8.0_231.jdk/Contents/Home/jre/lib/management-agent.jar:/Library/Java/JavaVirtualMachines/jdk1.8.0_231.jdk/Contents/Home/jre/lib/plugin.jar:/Library/Java/JavaVirtualMachines/jdk1.8.0_231.jdk/Contents/Home/jre/lib/resources.jar:/Library/Java/JavaVirtualM
Launcher Type: SUN_STANDARD

Environment Variables:
PATH=/usr/local/bin:/usr/bin:/bin:/usr/sbin:/sbin:/usr/local/mysql/bin:/Library/apache-maven-3.6.2/bin:/Applications/Visual Studio Code.app/Contents/Resources/app/bin
SHELL=/bin/bash

Signal Handlers:
SIGSEGV: [libjvm.dylib+0x5b7e2b], sa_mask[0]=11111111011111110111111111111111, sa_flags=SA_ONSTACK|SA_RESTART|SA_SIGINFO
SIGBUS: [libjvm.dylib+0x5b7e2b], sa_mask[0]=11111111011111110111111111111111, sa_flags=SA_RESTART|SA_SIGINFO
SIGFPE: [libjvm.dylib+0x48c6ec], sa_mask[0]=11111111011111110111111111111111, sa_flags=SA_RESTART|SA_SIGINFO
SIGPIPE: [libjvm.dylib+0x48c6ec], sa_mask[0]=11111111011111110111111111111111, sa_flags=SA_RESTART|SA_SIGINFO
SIGXFSZ: [libjvm.dylib+0x48c6ec], sa_mask[0]=11111111011111110111111111111111, sa_flags=SA_RESTART|SA_SIGINFO
SIGILL: [libjvm.dylib+0x48c6ec], sa_mask[0]=11111111011111110111111111111111, sa_flags=SA_RESTART|SA_SIGINFO
SIGUSR1: SIG_DFL, sa_mask[0]=00000000000000000000000000000000, sa_flags=none
SIGUSR2: [libjvm.dylib+0x48c20a], sa_mask[0]=00100000000000000000000000000000, sa_flags=SA_RESTART|SA_SIGINFO
SIGHUP: [libjvm.dylib+0x48a795], sa_mask[0]=11111111011111110111111111111111, sa_flags=SA_RESTART|SA_SIGINFO
SIGINT: [libjvm.dylib+0x48a795], sa_mask[0]=11111111011111110111111111111111, sa_flags=SA_RESTART|SA_SIGINFO
SIGTERM: [libjvm.dylib+0x48a795], sa_mask[0]=11111111011111110111111111111111, sa_flags=SA_RESTART|SA_SIGINFO
SIGQUIT: [libjvm.dylib+0x48a795], sa_mask[0]=11111111011111110111111111111111, sa_flags=SA_RESTART|SA_SIGINFO


---------------  S Y S T E M  ---------------

OS:Bsduname:Darwin 18.6.0 Darwin Kernel Version 18.6.0: Sun Apr 28 18:06:45 PDT 2019; root:xnu-4903.261.4~6/RELEASE_X86_64 x86_64
rlimit: STACK 8192k, CORE 0k, NPROC 709, NOFILE 10240, AS infinity
load average:2.79 2.88 2.93

CPU:total 8 (initial active 8) (4 cores per cpu, 2 threads per core) family 6 model 142 stepping 10, cmov, cx8, fxsr, mmx, sse, sse2, sse3, ssse3, sse4.1, sse4.2, popcnt, avx, avx2, aes, clmul, erms, 3dnowpref, lzcnt, ht, tsc, tscinvbit, bmi1, bmi2, adx

Memory: 4k page, physical 8388608k(213588k free)

/proc/meminfo:


vm_info: Java HotSpot(TM) 64-Bit Server VM (25.231-b11) for bsd-amd64 JRE (1.8.0_231-b11), built on Oct  5 2019 03:15:25 by "java_re" with gcc 4.2.1 (Based on Apple Inc. build 5658) (LLVM build 2336.11.00)

time: Thu Jan  9 08:28:40 2020
timezone: CST
elapsed time: 3817 seconds (0d 1h 3m 37s)

